{
  "stats": {
    "suites": 1,
    "tests": 1,
    "passes": 1,
    "pending": 0,
    "failures": 0,
    "start": "2025-01-04T00:56:06.251Z",
    "end": "2025-01-04T00:56:14.001Z",
    "duration": 7750,
    "testsRegistered": 1,
    "passPercent": 100,
    "pendingPercent": 0,
    "other": 0,
    "hasOther": false,
    "skipped": 0,
    "hasSkipped": false
  },
  "results": [
    {
      "uuid": "f2f2474b-cada-4bce-823b-7962b2f64598",
      "title": "",
      "fullFile": "cypress\\e2e\\sauceDemoTest\\productTests.cy.js",
      "file": "cypress\\e2e\\sauceDemoTest\\productTests.cy.js",
      "beforeHooks": [],
      "afterHooks": [],
      "tests": [],
      "suites": [
        {
          "uuid": "9c3887aa-e8aa-46a1-b8d6-0a611652db71",
          "title": "Test the Product page",
          "fullFile": "",
          "file": "",
          "beforeHooks": [],
          "afterHooks": [],
          "tests": [
            {
              "title": "Add one item to the cart",
              "fullTitle": "Test the Product page Add one item to the cart",
              "timedOut": null,
              "duration": 7712,
              "state": "passed",
              "speed": "medium",
              "pass": true,
              "fail": false,
              "pending": false,
              "context": null,
              "code": "cy.login('standard_user', 'secret_sauce');\nproductsPage.addBackPackToCart();\nproductsPage.verifyBackPackRemoveButtonAppears(); // Verifies the remove button appears\nproductsPage.elements.cartNumber().should('have.text', '1'); // Asserts that cart number is 1",
              "err": {},
              "uuid": "1dbc856c-a6fa-4e66-87f4-570629ea0b10",
              "parentUUID": "9c3887aa-e8aa-46a1-b8d6-0a611652db71",
              "isHook": false,
              "skipped": false
            }
          ],
          "suites": [],
          "passes": [
            "1dbc856c-a6fa-4e66-87f4-570629ea0b10"
          ],
          "failures": [],
          "pending": [],
          "skipped": [],
          "duration": 7712,
          "root": false,
          "rootEmpty": false,
          "_timeout": 2000
        }
      ],
      "passes": [],
      "failures": [],
      "pending": [],
      "skipped": [],
      "duration": 0,
      "root": true,
      "rootEmpty": true,
      "_timeout": 2000
    }
  ],
  "meta": {
    "mocha": {
      "version": "7.0.1"
    },
    "mochawesome": {
      "options": {
        "quiet": false,
        "reportFilename": "mochawesome",
        "saveHtml": true,
        "saveJson": true,
        "consoleReporter": "spec",
        "useInlineDiffs": false,
        "code": true
      },
      "version": "7.1.3"
    },
    "marge": {
      "options": {
        "reportDir": "cypress/reports/mochawesome-report",
        "overwrite": true,
        "html": true,
        "json": true,
        "timestamp": "yyyy-mm-dd_HH-MM-ss"
      },
      "version": "6.2.0"
    }
  }
}