{
  "stats": {
    "suites": 1,
    "tests": 1,
    "passes": 1,
    "pending": 0,
    "failures": 0,
    "start": "2025-01-04T01:16:15.566Z",
    "end": "2025-01-04T01:16:21.393Z",
    "duration": 5827,
    "testsRegistered": 1,
    "passPercent": 100,
    "pendingPercent": 0,
    "other": 0,
    "hasOther": false,
    "skipped": 0,
    "hasSkipped": false
  },
  "results": [
    {
      "uuid": "febdecda-92bc-46af-80ba-a307f7f2087c",
      "title": "",
      "fullFile": "cypress\\e2e\\sauceDemoTest\\productTests.cy.js",
      "file": "cypress\\e2e\\sauceDemoTest\\productTests.cy.js",
      "beforeHooks": [],
      "afterHooks": [],
      "tests": [],
      "suites": [
        {
          "uuid": "9d6982aa-ba96-4366-840f-c05a215a806b",
          "title": "Test the Product page",
          "fullFile": "",
          "file": "",
          "beforeHooks": [],
          "afterHooks": [],
          "tests": [
            {
              "title": "Add one item to the cart",
              "fullTitle": "Test the Product page Add one item to the cart",
              "timedOut": null,
              "duration": 5800,
              "state": "passed",
              "speed": "medium",
              "pass": true,
              "fail": false,
              "pending": false,
              "context": null,
              "code": "cy.login('standard_user', 'secret_sauce');\nproductsPage.addBackPackToCart();\nproductsPage.verifyBackPackRemoveButtonAppears(); // Verifies the remove button appears\nproductsPage.elements.cartNumber().should('have.text', '1'); // Asserts that cart number is 1",
              "err": {},
              "uuid": "80917c10-3a9a-457d-87b6-f630756e0fc7",
              "parentUUID": "9d6982aa-ba96-4366-840f-c05a215a806b",
              "isHook": false,
              "skipped": false
            }
          ],
          "suites": [],
          "passes": [
            "80917c10-3a9a-457d-87b6-f630756e0fc7"
          ],
          "failures": [],
          "pending": [],
          "skipped": [],
          "duration": 5800,
          "root": false,
          "rootEmpty": false,
          "_timeout": 2000
        }
      ],
      "passes": [],
      "failures": [],
      "pending": [],
      "skipped": [],
      "duration": 0,
      "root": true,
      "rootEmpty": true,
      "_timeout": 2000
    }
  ],
  "meta": {
    "mocha": {
      "version": "7.0.1"
    },
    "mochawesome": {
      "options": {
        "quiet": false,
        "reportFilename": "mochawesome",
        "saveHtml": true,
        "saveJson": true,
        "consoleReporter": "spec",
        "useInlineDiffs": false,
        "code": true
      },
      "version": "7.1.3"
    },
    "marge": {
      "options": {
        "reportDir": "cypress/reports/mochawesome-report",
        "overwrite": false,
        "html": true,
        "json": true,
        "timestamp": "yyyy-mm-dd_HH-MM-ss",
        "charts": true,
        "embeddedScreenshots": true
      },
      "version": "6.2.0"
    }
  }
}