{
  "stats": {
    "suites": 1,
    "tests": 2,
    "passes": 2,
    "pending": 0,
    "failures": 0,
    "start": "2025-01-04T01:16:07.041Z",
    "end": "2025-01-04T01:16:13.127Z",
    "duration": 6086,
    "testsRegistered": 2,
    "passPercent": 100,
    "pendingPercent": 0,
    "other": 0,
    "hasOther": false,
    "skipped": 0,
    "hasSkipped": false
  },
  "results": [
    {
      "uuid": "d45613f0-3f0d-46e4-a633-72d01b08dc55",
      "title": "",
      "fullFile": "cypress\\e2e\\sauceDemoTest\\loginTests.cy.js",
      "file": "cypress\\e2e\\sauceDemoTest\\loginTests.cy.js",
      "beforeHooks": [],
      "afterHooks": [],
      "tests": [],
      "suites": [
        {
          "uuid": "05494be4-c4a0-4af2-93b0-45c6a9a2190e",
          "title": "Login page verification",
          "fullFile": "",
          "file": "",
          "beforeHooks": [],
          "afterHooks": [],
          "tests": [
            {
              "title": "login with Accepted username standard_user & Password",
              "fullTitle": "Login page verification login with Accepted username standard_user & Password",
              "timedOut": null,
              "duration": 5128,
              "state": "passed",
              "speed": "medium",
              "pass": true,
              "fail": false,
              "pending": false,
              "context": null,
              "code": "loginPage.enterUsername('standard_user');\nloginPage.enterPassword('secret_sauce');\nloginPage.clickLoginButton();\nproductsPage.cartButtonExists();",
              "err": {},
              "uuid": "af1ab52a-96f1-4321-bce4-704119fda942",
              "parentUUID": "05494be4-c4a0-4af2-93b0-45c6a9a2190e",
              "isHook": false,
              "skipped": false
            },
            {
              "title": "login with incorrect username standard_user & Password",
              "fullTitle": "Login page verification login with incorrect username standard_user & Password",
              "timedOut": null,
              "duration": 865,
              "state": "passed",
              "speed": "fast",
              "pass": true,
              "fail": false,
              "pending": false,
              "context": null,
              "code": "loginPage.enterUsername('standard_user');\nloginPage.enterPassword('secret_sauce_wrong');\nloginPage.clickLoginButton();\nloginPage.loginPageElements.errorMessage().should('be.visible');",
              "err": {},
              "uuid": "9ff6df73-08fa-4f4b-bf75-353d709080bd",
              "parentUUID": "05494be4-c4a0-4af2-93b0-45c6a9a2190e",
              "isHook": false,
              "skipped": false
            }
          ],
          "suites": [],
          "passes": [
            "af1ab52a-96f1-4321-bce4-704119fda942",
            "9ff6df73-08fa-4f4b-bf75-353d709080bd"
          ],
          "failures": [],
          "pending": [],
          "skipped": [],
          "duration": 5993,
          "root": false,
          "rootEmpty": false,
          "_timeout": 2000
        }
      ],
      "passes": [],
      "failures": [],
      "pending": [],
      "skipped": [],
      "duration": 0,
      "root": true,
      "rootEmpty": true,
      "_timeout": 2000
    }
  ],
  "meta": {
    "mocha": {
      "version": "7.0.1"
    },
    "mochawesome": {
      "options": {
        "quiet": false,
        "reportFilename": "mochawesome",
        "saveHtml": true,
        "saveJson": true,
        "consoleReporter": "spec",
        "useInlineDiffs": false,
        "code": true
      },
      "version": "7.1.3"
    },
    "marge": {
      "options": {
        "reportDir": "cypress/reports/mochawesome-report",
        "overwrite": false,
        "html": true,
        "json": true,
        "timestamp": "yyyy-mm-dd_HH-MM-ss",
        "charts": true,
        "embeddedScreenshots": true
      },
      "version": "6.2.0"
    }
  }
}