{
  "stats": {
    "suites": 1,
    "tests": 2,
    "passes": 1,
    "pending": 0,
    "failures": 1,
    "start": "2025-01-04T01:55:34.626Z",
    "end": "2025-01-04T01:55:43.085Z",
    "duration": 8459,
    "testsRegistered": 2,
    "passPercent": 50,
    "pendingPercent": 0,
    "other": 0,
    "hasOther": false,
    "skipped": 0,
    "hasSkipped": false
  },
  "results": [
    {
      "uuid": "095cbd6c-6acb-40f2-96ee-ebf2854f6bd0",
      "title": "",
      "fullFile": "cypress\\e2e\\sampleTest1.cy.js",
      "file": "cypress\\e2e\\sampleTest1.cy.js",
      "beforeHooks": [],
      "afterHooks": [],
      "tests": [],
      "suites": [
        {
          "uuid": "7e5de9e5-6b55-4842-8a41-01e5bcf67da9",
          "title": "sample test",
          "fullFile": "",
          "file": "",
          "beforeHooks": [],
          "afterHooks": [],
          "tests": [
            {
              "title": "Visits the Website and check the header",
              "fullTitle": "sample test Visits the Website and check the header",
              "timedOut": null,
              "duration": 1593,
              "state": "passed",
              "speed": "fast",
              "pass": true,
              "fail": false,
              "pending": false,
              "context": null,
              "code": "cy.visit('https://example.cypress.io/');\ncy.title().should('eq', 'Cypress.io: Kitchen Sink');",
              "err": {},
              "uuid": "ab997074-2661-41fe-be49-8478dc4f5f6f",
              "parentUUID": "7e5de9e5-6b55-4842-8a41-01e5bcf67da9",
              "isHook": false,
              "skipped": false
            },
            {
              "title": "Visits the Website and check the header fail Scenario",
              "fullTitle": "sample test Visits the Website and check the header fail Scenario",
              "timedOut": null,
              "duration": 4433,
              "state": "failed",
              "speed": null,
              "pass": false,
              "fail": true,
              "pending": false,
              "context": null,
              "code": "cy.visit('https://example.cypress.io/');\ncy.title().should('eq', 'Cypress.io: Kitchen Sink2');",
              "err": {
                "message": "AssertionError: Timed out retrying after 4000ms: expected 'Cypress.io: Kitchen Sink' to equal 'Cypress.io: Kitchen Sink2'",
                "estack": "AssertionError: Timed out retrying after 4000ms: expected 'Cypress.io: Kitchen Sink' to equal 'Cypress.io: Kitchen Sink2'\n    at Context.eval (webpack://BasicAPIautomationSetupUsingCypress/./cypress/e2e/sampleTest1.cy.js:14:19)",
                "diff": "- 'Cypress.io: Kitchen Sink'\n+ 'Cypress.io: Kitchen Sink2'\n"
              },
              "uuid": "f9847e41-0f2c-42d8-890d-8e6575ade6a2",
              "parentUUID": "7e5de9e5-6b55-4842-8a41-01e5bcf67da9",
              "isHook": false,
              "skipped": false
            }
          ],
          "suites": [],
          "passes": [
            "ab997074-2661-41fe-be49-8478dc4f5f6f"
          ],
          "failures": [
            "f9847e41-0f2c-42d8-890d-8e6575ade6a2"
          ],
          "pending": [],
          "skipped": [],
          "duration": 6026,
          "root": false,
          "rootEmpty": false,
          "_timeout": 2000
        }
      ],
      "passes": [],
      "failures": [],
      "pending": [],
      "skipped": [],
      "duration": 0,
      "root": true,
      "rootEmpty": true,
      "_timeout": 2000
    }
  ],
  "meta": {
    "mocha": {
      "version": "7.0.1"
    },
    "mochawesome": {
      "options": {
        "quiet": false,
        "reportFilename": "mochawesome",
        "saveHtml": true,
        "saveJson": true,
        "consoleReporter": "spec",
        "useInlineDiffs": false,
        "code": true
      },
      "version": "7.1.3"
    },
    "marge": {
      "options": {
        "reportDir": "cypress/reports/mochawesome-report",
        "overwrite": false,
        "html": true,
        "json": true,
        "timestamp": "yyyy-mm-dd_HH-MM-ss",
        "charts": true,
        "embeddedScreenshots": true
      },
      "version": "6.2.0"
    }
  }
}