{
  "stats": {
    "suites": 1,
    "tests": 1,
    "passes": 0,
    "pending": 0,
    "failures": 1,
    "start": "2025-01-04T01:55:45.604Z",
    "end": "2025-01-04T01:56:43.713Z",
    "duration": 58109,
    "testsRegistered": 1,
    "passPercent": 0,
    "pendingPercent": 0,
    "other": 0,
    "hasOther": false,
    "skipped": 0,
    "hasSkipped": false
  },
  "results": [
    {
      "uuid": "97fe97d4-f728-44b1-b537-d283557f7f12",
      "title": "",
      "fullFile": "cypress\\e2e\\sampleTest2.cy.js",
      "file": "cypress\\e2e\\sampleTest2.cy.js",
      "beforeHooks": [],
      "afterHooks": [],
      "tests": [],
      "suites": [
        {
          "uuid": "a0a59c35-dd85-4dce-bfe3-c997858ea053",
          "title": "sample test",
          "fullFile": "",
          "file": "",
          "beforeHooks": [],
          "afterHooks": [],
          "tests": [
            {
              "title": "Visits the Website and check the header",
              "fullTitle": "sample test Visits the Website and check the header",
              "timedOut": null,
              "duration": 56140,
              "state": "failed",
              "speed": null,
              "pass": false,
              "fail": true,
              "pending": false,
              "context": null,
              "code": "cy.visit('https://example.cypress.io/commands/actions');\ncy.get('#email1').type('abc@gmail.com');\ncy.get('#password1').focus().type('123456');\ncy.get('#fullName1').type('Full Name');\ncy.wait(50000);\ncy.get('.action-form').submit().should('contain', 'Your form has been submitted!');",
              "err": {
                "message": "AssertionError: Timed out retrying after 4050ms: expected '<form.action-form>' to contain 'Your form has been submitted!'",
                "estack": "AssertionError: Timed out retrying after 4050ms: expected '<form.action-form>' to contain 'Your form has been submitted!'\n    at Context.eval (webpack://BasicAPIautomationSetupUsingCypress/./cypress/e2e/sampleTest2.cy.js:11:40)",
                "diff": null
              },
              "uuid": "f0c5e1f9-c68b-4d00-9e3a-154e6c4fa0cd",
              "parentUUID": "a0a59c35-dd85-4dce-bfe3-c997858ea053",
              "isHook": false,
              "skipped": false
            }
          ],
          "suites": [],
          "passes": [],
          "failures": [
            "f0c5e1f9-c68b-4d00-9e3a-154e6c4fa0cd"
          ],
          "pending": [],
          "skipped": [],
          "duration": 56140,
          "root": false,
          "rootEmpty": false,
          "_timeout": 2000
        }
      ],
      "passes": [],
      "failures": [],
      "pending": [],
      "skipped": [],
      "duration": 0,
      "root": true,
      "rootEmpty": true,
      "_timeout": 2000
    }
  ],
  "meta": {
    "mocha": {
      "version": "7.0.1"
    },
    "mochawesome": {
      "options": {
        "quiet": false,
        "reportFilename": "mochawesome",
        "saveHtml": true,
        "saveJson": true,
        "consoleReporter": "spec",
        "useInlineDiffs": false,
        "code": true
      },
      "version": "7.1.3"
    },
    "marge": {
      "options": {
        "reportDir": "cypress/reports/mochawesome-report",
        "overwrite": false,
        "html": true,
        "json": true,
        "timestamp": "yyyy-mm-dd_HH-MM-ss",
        "charts": true,
        "embeddedScreenshots": true
      },
      "version": "6.2.0"
    }
  }
}