{
  "stats": {
    "suites": 1,
    "tests": 1,
    "passes": 1,
    "pending": 0,
    "failures": 0,
    "start": "2025-01-04T01:57:11.319Z",
    "end": "2025-01-04T01:57:24.188Z",
    "duration": 12869,
    "testsRegistered": 1,
    "passPercent": 100,
    "pendingPercent": 0,
    "other": 0,
    "hasOther": false,
    "skipped": 0,
    "hasSkipped": false
  },
  "results": [
    {
      "uuid": "34243eb4-0d58-4a12-9185-3a96a5c37e35",
      "title": "",
      "fullFile": "cypress\\e2e\\sampleTest6.cy.js",
      "file": "cypress\\e2e\\sampleTest6.cy.js",
      "beforeHooks": [],
      "afterHooks": [],
      "tests": [],
      "suites": [
        {
          "uuid": "b24b1bc9-028f-4555-8d90-aac4ee449d8b",
          "title": "SauceDemo Inventory - Add Random Items to Cart checkout the cart and assert",
          "fullFile": "",
          "file": "",
          "beforeHooks": [],
          "afterHooks": [],
          "tests": [
            {
              "title": "should scroll, add random items to cart, and assert items in cart",
              "fullTitle": "SauceDemo Inventory - Add Random Items to Cart checkout the cart and assert should scroll, add random items to cart, and assert items in cart",
              "timedOut": null,
              "duration": 11649,
              "state": "passed",
              "speed": "slow",
              "pass": true,
              "fail": false,
              "pending": false,
              "context": null,
              "code": "// Add first item to the cart\ncy.get(':nth-child(1) > .pricebar > .btn_primary').click();\n// Scroll down and add another item\ncy.scrollTo('center', 'center', {\n  duration: 1000,\n  easing: 'linear'\n});\ncy.get(':nth-child(5) > .pricebar > .btn_primary').click();\n// Scroll to the top and go to the cart page\ncy.scrollTo('top');\ncy.get('.fa-layers-counter').click();\n// Assert the cart page URL & the cart item count\ncy.url().should('eq', 'https://www.saucedemo.com/v1/cart.html');\n// Checkout and assert\ncy.get('.btn_action').click();\ncy.get('[data-test=\"firstName\"]').type('Roshan');\ncy.get('[data-test=\"lastName\"]').type('Mana');\ncy.get('[data-test=\"postalCode\"]').type('5000');\ncy.get('.btn_primary').click();\ncy.get('.summary_info > :nth-child(2)');\ncy.get('.btn_action').click();\ncy.wait(5000);\ncy.get('.complete-header').should('have.text', 'THANK YOU FOR YOUR ORDER');",
              "err": {},
              "uuid": "1f0524cd-13c3-4a80-b37d-1cc7cb2a334d",
              "parentUUID": "b24b1bc9-028f-4555-8d90-aac4ee449d8b",
              "isHook": false,
              "skipped": false
            }
          ],
          "suites": [],
          "passes": [
            "1f0524cd-13c3-4a80-b37d-1cc7cb2a334d"
          ],
          "failures": [],
          "pending": [],
          "skipped": [],
          "duration": 11649,
          "root": false,
          "rootEmpty": false,
          "_timeout": 2000
        }
      ],
      "passes": [],
      "failures": [],
      "pending": [],
      "skipped": [],
      "duration": 0,
      "root": true,
      "rootEmpty": true,
      "_timeout": 2000
    }
  ],
  "meta": {
    "mocha": {
      "version": "7.0.1"
    },
    "mochawesome": {
      "options": {
        "quiet": false,
        "reportFilename": "mochawesome",
        "saveHtml": true,
        "saveJson": true,
        "consoleReporter": "spec",
        "useInlineDiffs": false,
        "code": true
      },
      "version": "7.1.3"
    },
    "marge": {
      "options": {
        "reportDir": "cypress/reports/mochawesome-report",
        "overwrite": false,
        "html": true,
        "json": true,
        "timestamp": "yyyy-mm-dd_HH-MM-ss",
        "charts": true,
        "embeddedScreenshots": true
      },
      "version": "6.2.0"
    }
  }
}