{
  "stats": {
    "suites": 1,
    "tests": 1,
    "passes": 1,
    "pending": 0,
    "failures": 0,
    "start": "2025-01-04T01:56:55.767Z",
    "end": "2025-01-04T01:57:01.223Z",
    "duration": 5456,
    "testsRegistered": 1,
    "passPercent": 100,
    "pendingPercent": 0,
    "other": 0,
    "hasOther": false,
    "skipped": 0,
    "hasSkipped": false
  },
  "results": [
    {
      "uuid": "c55b49d7-e5e9-4007-8177-0b0f4f4875a3",
      "title": "",
      "fullFile": "cypress\\e2e\\sampleTest4.cy.js",
      "file": "cypress\\e2e\\sampleTest4.cy.js",
      "beforeHooks": [],
      "afterHooks": [],
      "tests": [],
      "suites": [
        {
          "uuid": "dfcf0614-da82-4e7c-bbab-295f425b0a58",
          "title": "SauceDemo Inventory - Add Random Items to Cart",
          "fullFile": "",
          "file": "",
          "beforeHooks": [],
          "afterHooks": [],
          "tests": [
            {
              "title": "should scroll, add random items to cart, and assert items in cart",
              "fullTitle": "SauceDemo Inventory - Add Random Items to Cart should scroll, add random items to cart, and assert items in cart",
              "timedOut": null,
              "duration": 4188,
              "state": "passed",
              "speed": "fast",
              "pass": true,
              "fail": false,
              "pending": false,
              "context": null,
              "code": "// Add first item to the cart\ncy.get(':nth-child(1) > .pricebar > .btn_primary').click();\n// Scroll down and add another item\ncy.scrollTo('center', 'center', {\n  duration: 1000,\n  easing: 'linear'\n});\ncy.get(':nth-child(5) > .pricebar > .btn_primary').click();\n// Add another item (nth-child(6))\ncy.get(':nth-child(6) > .pricebar > .btn_primary').click();\n// Scroll to the top and go to the cart page\ncy.scrollTo('top');\ncy.get('.fa-layers-counter').click();\n// Assert the cart page URL\ncy.url().should('eq', 'https://www.saucedemo.com/v1/cart.html');\n// Get the name of the first item in the inventory\ncy.get(':nth-child(1) .inventory_item_name').invoke('text').then(itemName => {\n  // Check if this item is in the cart\n  cy.get('.cart_list').first().find('.inventory_item_name').should('contain.text', itemName);\n});",
              "err": {},
              "uuid": "c03940a6-68d2-4245-9262-c370f2ef9a7d",
              "parentUUID": "dfcf0614-da82-4e7c-bbab-295f425b0a58",
              "isHook": false,
              "skipped": false
            }
          ],
          "suites": [],
          "passes": [
            "c03940a6-68d2-4245-9262-c370f2ef9a7d"
          ],
          "failures": [],
          "pending": [],
          "skipped": [],
          "duration": 4188,
          "root": false,
          "rootEmpty": false,
          "_timeout": 2000
        }
      ],
      "passes": [],
      "failures": [],
      "pending": [],
      "skipped": [],
      "duration": 0,
      "root": true,
      "rootEmpty": true,
      "_timeout": 2000
    }
  ],
  "meta": {
    "mocha": {
      "version": "7.0.1"
    },
    "mochawesome": {
      "options": {
        "quiet": false,
        "reportFilename": "mochawesome",
        "saveHtml": true,
        "saveJson": true,
        "consoleReporter": "spec",
        "useInlineDiffs": false,
        "code": true
      },
      "version": "7.1.3"
    },
    "marge": {
      "options": {
        "reportDir": "cypress/reports/mochawesome-report",
        "overwrite": false,
        "html": true,
        "json": true,
        "timestamp": "yyyy-mm-dd_HH-MM-ss",
        "charts": true,
        "embeddedScreenshots": true
      },
      "version": "6.2.0"
    }
  }
}